2024-11-27 17:14:38 | INFO : Starting download of Seawater dataset from number 1 to 400
2024-11-27 17:18:00 | INFO : Seawater file 50 not found. Skipping...
2024-11-27 17:18:46 | INFO : Seawater file 62 not found. Skipping...
2024-11-27 17:18:51 | INFO : Seawater file 63 not found. Skipping...
2024-11-27 17:18:56 | INFO : Seawater file 64 not found. Skipping...
2024-11-27 17:18:59 | INFO : Seawater file 65 not found. Skipping...
2024-11-27 17:19:02 | INFO : Seawater file 66 not found. Skipping...
2024-11-27 17:19:03 | INFO : Seawater file 67 not found. Skipping...
2024-11-27 17:19:09 | INFO : Seawater file 68 not found. Skipping...
2024-11-27 17:19:12 | INFO : Seawater file 69 not found. Skipping...
2024-11-27 17:19:16 | INFO : Seawater file 70 not found. Skipping...
2024-11-27 17:19:21 | INFO : Seawater file 71 not found. Skipping...
2024-11-27 17:19:24 | INFO : Seawater file 72 not found. Skipping...
2024-11-27 17:19:28 | INFO : Seawater file 73 not found. Skipping...
2024-11-27 17:19:32 | INFO : Seawater file 74 not found. Skipping...
2024-11-27 17:19:34 | INFO : Seawater file 75 not found. Skipping...
2024-11-27 17:19:37 | INFO : Seawater file 76 not found. Skipping...
2024-11-27 17:19:42 | INFO : Seawater file 77 not found. Skipping...
2024-11-27 17:19:46 | INFO : Seawater file 78 not found. Skipping...
2024-11-27 17:19:50 | INFO : Seawater file 79 not found. Skipping...
2024-11-27 17:19:54 | INFO : Seawater file 80 not found. Skipping...
2024-11-27 17:19:58 | INFO : Seawater file 81 not found. Skipping...
2024-11-27 17:20:03 | INFO : Seawater file 82 not found. Skipping...
2024-11-27 17:20:07 | INFO : Seawater file 83 not found. Skipping...
2024-11-27 17:20:09 | INFO : Seawater file 84 not found. Skipping...
2024-11-27 17:20:14 | INFO : Seawater file 85 not found. Skipping...
2024-11-27 17:20:18 | INFO : Seawater file 86 not found. Skipping...
2024-11-27 17:20:21 | INFO : Seawater file 87 not found. Skipping...
2024-11-27 17:20:24 | INFO : Seawater file 88 not found. Skipping...
2024-11-27 17:20:29 | INFO : Seawater file 89 not found. Skipping...
2024-11-27 17:20:33 | INFO : Seawater file 90 not found. Skipping...
2024-11-27 17:20:38 | INFO : Seawater file 91 not found. Skipping...
2024-11-27 17:20:43 | INFO : Seawater file 92 not found. Skipping...
2024-11-27 17:20:48 | INFO : Seawater file 93 not found. Skipping...
2024-11-27 17:20:52 | INFO : Seawater file 94 not found. Skipping...
2024-11-27 17:20:57 | INFO : Seawater file 95 not found. Skipping...
2024-11-27 17:21:02 | INFO : Seawater file 96 not found. Skipping...
2024-11-27 17:21:04 | INFO : Seawater file 97 not found. Skipping...
2024-11-27 17:21:09 | INFO : Seawater file 98 not found. Skipping...
2024-11-27 17:21:14 | INFO : Seawater file 99 not found. Skipping...
2024-11-27 17:21:16 | INFO : Seawater file 100 not found. Skipping...
2024-11-27 17:21:21 | INFO : Seawater file 101 not found. Skipping...
2024-11-27 17:21:27 | INFO : Seawater file 102 not found. Skipping...
2024-11-27 17:21:32 | INFO : Seawater file 103 not found. Skipping...
2024-11-27 17:21:34 | INFO : Seawater file 104 not found. Skipping...
2024-11-27 17:21:39 | INFO : Seawater file 105 not found. Skipping...
2024-11-27 17:21:45 | INFO : Seawater file 106 not found. Skipping...
2024-11-27 17:21:48 | INFO : Seawater file 107 not found. Skipping...
2024-11-27 17:21:53 | INFO : Seawater file 108 not found. Skipping...
2024-11-27 17:21:56 | INFO : Seawater file 109 not found. Skipping...
2024-11-27 17:21:59 | INFO : Seawater file 110 not found. Skipping...
2024-11-27 17:22:02 | INFO : Seawater file 111 not found. Skipping...
2024-11-27 17:22:08 | INFO : Seawater file 112 not found. Skipping...
2024-11-27 17:22:11 | INFO : Seawater file 113 not found. Skipping...
2024-11-27 17:22:16 | INFO : Seawater file 114 not found. Skipping...
2024-11-27 17:22:20 | INFO : Seawater file 115 not found. Skipping...
2024-11-27 17:22:23 | INFO : Seawater file 116 not found. Skipping...
2024-11-27 17:22:25 | INFO : Seawater file 117 not found. Skipping...
2024-11-27 17:22:31 | INFO : Seawater file 118 not found. Skipping...
2024-11-27 17:22:34 | INFO : Seawater file 119 not found. Skipping...
2024-11-27 17:22:39 | INFO : Seawater file 120 not found. Skipping...
2024-11-27 17:22:44 | INFO : Seawater file 121 not found. Skipping...
2024-11-27 17:22:47 | INFO : Seawater file 122 not found. Skipping...
2024-11-27 17:22:52 | INFO : Seawater file 123 not found. Skipping...
2024-11-27 17:22:55 | INFO : Seawater file 124 not found. Skipping...
2024-11-27 17:23:00 | INFO : Seawater file 125 not found. Skipping...
2024-11-27 17:23:04 | INFO : Seawater file 126 not found. Skipping...
2024-11-27 17:23:09 | INFO : Seawater file 127 not found. Skipping...
2024-11-27 17:23:12 | INFO : Seawater file 128 not found. Skipping...
2024-11-27 17:23:14 | INFO : Seawater file 129 not found. Skipping...
2024-11-27 17:23:19 | INFO : Seawater file 130 not found. Skipping...
2024-11-27 17:23:24 | INFO : Seawater file 131 not found. Skipping...
2024-11-27 17:23:26 | INFO : Seawater file 132 not found. Skipping...
2024-11-27 17:23:28 | INFO : Seawater file 133 not found. Skipping...
2024-11-27 17:23:33 | INFO : Seawater file 134 not found. Skipping...
2024-11-27 17:23:38 | INFO : Seawater file 135 not found. Skipping...
2024-11-27 17:23:41 | INFO : Seawater file 136 not found. Skipping...
2024-11-27 17:23:46 | INFO : Seawater file 137 not found. Skipping...
2024-11-27 17:23:47 | INFO : Seawater file 138 not found. Skipping...
2024-11-27 17:23:49 | INFO : Seawater file 139 not found. Skipping...
2024-11-27 17:23:54 | INFO : Seawater file 140 not found. Skipping...
2024-11-27 17:23:56 | INFO : Seawater file 141 not found. Skipping...
2024-11-27 17:23:58 | INFO : Seawater file 142 not found. Skipping...
2024-11-27 17:24:02 | INFO : Seawater file 143 not found. Skipping...
2024-11-27 17:24:05 | INFO : Seawater file 144 not found. Skipping...
2024-11-27 17:24:08 | INFO : Seawater file 145 not found. Skipping...
2024-11-27 17:24:12 | INFO : Seawater file 146 not found. Skipping...
2024-11-27 17:24:17 | INFO : Seawater file 147 not found. Skipping...
2024-11-27 17:24:22 | INFO : Seawater file 148 not found. Skipping...
2024-11-27 17:24:24 | INFO : Seawater file 149 not found. Skipping...
2024-11-27 17:24:29 | INFO : Seawater file 150 not found. Skipping...
2024-11-27 17:24:34 | INFO : Seawater file 151 not found. Skipping...
2024-11-27 17:24:39 | INFO : Seawater file 152 not found. Skipping...
2024-11-27 17:24:42 | INFO : Seawater file 153 not found. Skipping...
2024-11-27 17:24:47 | INFO : Seawater file 154 not found. Skipping...
2024-11-27 17:24:51 | INFO : Seawater file 155 not found. Skipping...
2024-11-27 17:24:56 | INFO : Seawater file 156 not found. Skipping...
2024-11-27 17:25:00 | INFO : Seawater file 157 not found. Skipping...
2024-11-27 17:25:03 | INFO : Seawater file 158 not found. Skipping...
2024-11-27 17:25:09 | INFO : Seawater file 159 not found. Skipping...
2024-11-27 17:25:11 | INFO : Seawater file 160 not found. Skipping...
2024-11-27 17:25:15 | INFO : Seawater file 161 not found. Skipping...
2024-11-27 17:25:18 | INFO : Seawater file 162 not found. Skipping...
2024-11-27 17:25:22 | INFO : Seawater file 163 not found. Skipping...
2024-11-27 17:25:24 | INFO : Seawater file 164 not found. Skipping...
2024-11-27 17:25:29 | INFO : Seawater file 165 not found. Skipping...
2024-11-27 17:25:31 | INFO : Seawater file 166 not found. Skipping...
2024-11-27 17:25:35 | INFO : Seawater file 167 not found. Skipping...
2024-11-27 17:25:40 | INFO : Seawater file 168 not found. Skipping...
2024-11-27 17:25:45 | INFO : Seawater file 169 not found. Skipping...
2024-11-27 17:25:48 | INFO : Seawater file 170 not found. Skipping...
2024-11-27 17:25:52 | INFO : Seawater file 171 not found. Skipping...
2024-11-27 17:25:57 | INFO : Seawater file 172 not found. Skipping...
2024-11-27 17:26:02 | INFO : Seawater file 173 not found. Skipping...
2024-11-27 17:26:07 | INFO : Seawater file 174 not found. Skipping...
2024-11-27 17:26:09 | INFO : Seawater file 175 not found. Skipping...
2024-11-27 17:26:13 | INFO : Seawater file 176 not found. Skipping...
2024-11-27 17:26:17 | INFO : Seawater file 177 not found. Skipping...
2024-11-27 17:26:54 | INFO : Seawater file 186 not found. Skipping...
2024-11-27 17:26:58 | INFO : Seawater file 187 not found. Skipping...
2024-11-27 17:27:02 | INFO : Seawater file 188 not found. Skipping...
2024-11-27 17:27:05 | INFO : Seawater file 189 not found. Skipping...
2024-11-27 17:27:11 | INFO : Seawater file 190 not found. Skipping...
2024-11-27 17:27:14 | INFO : Seawater file 191 not found. Skipping...
2024-11-27 17:28:11 | INFO : Seawater file 207 not found. Skipping...
2024-11-27 17:28:13 | INFO : Seawater file 208 not found. Skipping...
2024-11-27 17:29:28 | INFO : Seawater file 227 not found. Skipping...
2024-11-27 17:31:02 | INFO : Seawater file 254 not found. Skipping...
2024-11-27 17:31:07 | INFO : Seawater file 255 not found. Skipping...
2024-11-27 17:31:09 | INFO : Seawater file 256 not found. Skipping...
2024-11-27 17:31:12 | INFO : Seawater file 257 not found. Skipping...
2024-11-27 17:31:14 | INFO : Seawater file 258 not found. Skipping...
2024-11-27 17:31:20 | INFO : Seawater file 259 not found. Skipping...
2024-11-27 17:31:22 | INFO : Seawater file 260 not found. Skipping...
2024-11-27 17:31:26 | INFO : Seawater file 261 not found. Skipping...
2024-11-27 17:31:28 | INFO : Seawater file 262 not found. Skipping...
2024-11-27 17:31:31 | INFO : Seawater file 263 not found. Skipping...
2024-11-27 17:31:33 | INFO : Seawater file 264 not found. Skipping...
2024-11-27 17:31:41 | INFO : Seawater file 265 not found. Skipping...
2024-11-27 17:31:44 | INFO : Seawater file 266 not found. Skipping...
2024-11-27 17:31:48 | INFO : Seawater file 267 not found. Skipping...
2024-11-27 17:31:51 | INFO : Seawater file 268 not found. Skipping...
2024-11-27 17:31:57 | INFO : Seawater file 269 not found. Skipping...
2024-11-27 17:31:59 | INFO : Seawater file 270 not found. Skipping...
2024-11-27 17:32:03 | INFO : Seawater file 271 not found. Skipping...
2024-11-27 17:32:08 | INFO : Seawater file 272 not found. Skipping...
2024-11-27 17:32:13 | INFO : Seawater file 273 not found. Skipping...
2024-11-27 17:32:16 | INFO : Seawater file 274 not found. Skipping...
2024-11-27 17:32:20 | INFO : Seawater file 275 not found. Skipping...
2024-11-27 17:32:22 | INFO : Seawater file 276 not found. Skipping...
2024-11-27 17:32:26 | INFO : Seawater file 277 not found. Skipping...
2024-11-27 17:32:31 | INFO : Seawater file 278 not found. Skipping...
2024-11-27 17:32:36 | INFO : Seawater file 279 not found. Skipping...
2024-11-27 17:32:42 | INFO : Seawater file 280 not found. Skipping...
2024-11-27 17:32:47 | INFO : Seawater file 281 not found. Skipping...
2024-11-27 17:32:51 | INFO : Seawater file 282 not found. Skipping...
2024-11-27 17:32:55 | INFO : Seawater file 283 not found. Skipping...
2024-11-27 17:32:58 | INFO : Seawater file 284 not found. Skipping...
2024-11-27 17:33:02 | INFO : Seawater file 285 not found. Skipping...
2024-11-27 17:33:24 | INFO : Seawater file 290 not found. Skipping...
2024-11-27 17:33:27 | INFO : Seawater file 291 not found. Skipping...
2024-11-27 17:33:32 | INFO : Seawater file 292 not found. Skipping...
2024-11-27 17:33:37 | INFO : Seawater file 293 not found. Skipping...
2024-11-27 17:33:41 | INFO : Seawater file 294 not found. Skipping...
2024-11-27 17:33:44 | INFO : Seawater file 295 not found. Skipping...
2024-11-27 17:33:47 | INFO : Seawater file 296 not found. Skipping...
2024-11-27 17:33:52 | INFO : Seawater file 297 not found. Skipping...
2024-11-27 17:33:56 | INFO : Seawater file 298 not found. Skipping...
2024-11-27 17:34:01 | INFO : Seawater file 299 not found. Skipping...
2024-11-27 17:34:07 | INFO : Seawater file 300 not found. Skipping...
2024-11-27 17:34:09 | INFO : Seawater file 301 not found. Skipping...
2024-11-27 17:34:14 | INFO : Seawater file 302 not found. Skipping...
2024-11-27 17:34:17 | INFO : Seawater file 303 not found. Skipping...
2024-11-27 17:34:22 | INFO : Seawater file 304 not found. Skipping...
2024-11-27 17:34:24 | INFO : Seawater file 305 not found. Skipping...
2024-11-27 17:34:30 | INFO : Seawater file 306 not found. Skipping...
2024-11-27 17:34:35 | INFO : Seawater file 307 not found. Skipping...
2024-11-27 17:34:41 | INFO : Seawater file 308 not found. Skipping...
2024-11-27 17:34:46 | INFO : Seawater file 309 not found. Skipping...
2024-11-27 17:34:50 | INFO : Seawater file 310 not found. Skipping...
2024-11-27 17:34:54 | INFO : Seawater file 311 not found. Skipping...
2024-11-27 17:34:57 | INFO : Seawater file 312 not found. Skipping...
2024-11-27 17:35:02 | INFO : Seawater file 313 not found. Skipping...
2024-11-27 17:35:04 | INFO : Seawater file 314 not found. Skipping...
2024-11-27 17:35:06 | INFO : Seawater file 315 not found. Skipping...
2024-11-27 17:35:11 | INFO : Seawater file 316 not found. Skipping...
2024-11-27 17:35:16 | INFO : Seawater file 317 not found. Skipping...
2024-11-27 17:35:20 | INFO : Seawater file 318 not found. Skipping...
2024-11-27 17:35:25 | INFO : Seawater file 319 not found. Skipping...
2024-11-27 17:35:29 | INFO : Seawater file 320 not found. Skipping...
2024-11-27 17:35:32 | INFO : Seawater file 321 not found. Skipping...
2024-11-27 17:35:36 | INFO : Seawater file 322 not found. Skipping...
2024-11-27 17:35:41 | INFO : Seawater file 323 not found. Skipping...
2024-11-27 17:35:43 | INFO : Seawater file 324 not found. Skipping...
2024-11-27 17:35:49 | INFO : Seawater file 325 not found. Skipping...
2024-11-27 17:35:52 | INFO : Seawater file 326 not found. Skipping...
2024-11-27 17:35:57 | INFO : Seawater file 327 not found. Skipping...
2024-11-27 17:36:01 | INFO : Seawater file 328 not found. Skipping...
2024-11-27 17:36:05 | INFO : Seawater file 329 not found. Skipping...
2024-11-27 17:36:09 | INFO : Seawater file 330 not found. Skipping...
2024-11-27 17:36:12 | INFO : Seawater file 331 not found. Skipping...
2024-11-27 17:36:16 | INFO : Seawater file 332 not found. Skipping...
2024-11-27 17:36:18 | INFO : Seawater file 333 not found. Skipping...
2024-11-27 17:36:20 | INFO : Seawater file 334 not found. Skipping...
2024-11-27 17:36:23 | INFO : Seawater file 335 not found. Skipping...
2024-11-27 17:37:56 | INFO : Seawater file 359 not found. Skipping...
2024-11-27 17:38:01 | INFO : Seawater file 360 not found. Skipping...
2024-11-27 17:38:04 | INFO : Seawater file 361 not found. Skipping...
2024-11-27 17:38:08 | INFO : Seawater file 362 not found. Skipping...
2024-11-27 17:38:10 | INFO : Seawater file 363 not found. Skipping...
2024-11-27 17:38:15 | INFO : Seawater file 364 not found. Skipping...
2024-11-27 17:38:20 | INFO : Seawater file 365 not found. Skipping...
2024-11-27 17:38:26 | INFO : Seawater file 366 not found. Skipping...
2024-11-27 17:38:29 | INFO : Seawater file 367 not found. Skipping...
2024-11-27 17:38:32 | INFO : Seawater file 368 not found. Skipping...
2024-11-27 17:38:36 | INFO : Seawater file 369 not found. Skipping...
2024-11-27 17:38:39 | INFO : Seawater file 370 not found. Skipping...
2024-11-27 17:38:44 | INFO : Seawater file 371 not found. Skipping...
2024-11-27 17:38:47 | INFO : Seawater file 372 not found. Skipping...
2024-11-27 17:38:51 | INFO : Seawater file 373 not found. Skipping...
2024-11-27 17:38:56 | INFO : Seawater file 374 not found. Skipping...
2024-11-27 17:38:59 | INFO : Seawater file 375 not found. Skipping...
2024-11-27 17:39:02 | INFO : Seawater file 376 not found. Skipping...
2024-11-27 17:39:06 | INFO : Seawater file 377 not found. Skipping...
2024-11-27 17:39:09 | INFO : Seawater file 378 not found. Skipping...
2024-11-27 17:39:12 | INFO : Seawater file 379 not found. Skipping...
2024-11-27 17:39:16 | INFO : Seawater file 380 not found. Skipping...
2024-11-27 17:39:21 | INFO : Seawater file 381 not found. Skipping...
2024-11-27 17:39:26 | INFO : Seawater file 382 not found. Skipping...
2024-11-27 17:39:32 | INFO : Seawater file 383 not found. Skipping...
2024-11-27 17:39:36 | INFO : Seawater file 384 not found. Skipping...
2024-11-27 17:39:41 | INFO : Seawater file 385 not found. Skipping...
2024-11-27 17:39:47 | INFO : Seawater file 386 not found. Skipping...
2024-11-27 17:39:51 | INFO : Seawater file 387 not found. Skipping...
2024-11-27 17:39:56 | INFO : Seawater file 388 not found. Skipping...
2024-11-27 17:39:59 | INFO : Seawater file 389 not found. Skipping...
2024-11-27 17:40:04 | INFO : Seawater file 390 not found. Skipping...
2024-11-27 17:40:06 | INFO : Seawater file 391 not found. Skipping...
2024-11-27 17:40:09 | INFO : Seawater file 392 not found. Skipping...
2024-11-27 17:40:12 | INFO : Seawater file 393 not found. Skipping...
2024-11-27 17:40:17 | INFO : Seawater file 394 not found. Skipping...
2024-11-27 17:40:23 | INFO : Seawater file 395 not found. Skipping...
2024-11-27 17:40:25 | INFO : Seawater file 396 not found. Skipping...
2024-11-27 17:40:30 | INFO : Seawater file 397 not found. Skipping...
2024-11-27 17:40:36 | INFO : Seawater file 398 not found. Skipping...
2024-11-27 17:40:39 | INFO : Seawater file 399 not found. Skipping...
2024-11-27 17:40:45 | INFO : Seawater file 400 not found. Skipping...
2024-11-27 17:40:45 | INFO : Completed download of Seawater dataset
2024-11-27 17:40:45 | INFO : Starting download of Fishes dataset from number 256 to 400
2024-11-27 17:41:18 | INFO : Fishes file 263 not found. Skipping...
2024-11-27 17:41:21 | INFO : Fishes file 264 not found. Skipping...
2024-11-27 17:42:57 | INFO : Fishes file 286 not found. Skipping...
2024-11-27 17:43:02 | INFO : Fishes file 287 not found. Skipping...
2024-11-27 17:43:05 | INFO : Fishes file 288 not found. Skipping...
2024-11-27 17:43:11 | INFO : Fishes file 289 not found. Skipping...
2024-11-27 17:43:15 | INFO : Fishes file 290 not found. Skipping...
2024-11-27 17:43:21 | INFO : Fishes file 291 not found. Skipping...
2024-11-27 17:43:25 | INFO : Fishes file 292 not found. Skipping...
2024-11-27 17:44:09 | INFO : Fishes file 304 not found. Skipping...
2024-11-27 17:44:12 | INFO : Fishes file 305 not found. Skipping...
2024-11-27 17:44:18 | INFO : Fishes file 306 not found. Skipping...
2024-11-27 17:44:23 | INFO : Fishes file 307 not found. Skipping...
2024-11-27 17:44:27 | INFO : Fishes file 308 not found. Skipping...
2024-11-27 17:44:29 | INFO : Fishes file 309 not found. Skipping...
2024-11-27 17:44:34 | INFO : Fishes file 310 not found. Skipping...
2024-11-27 17:44:39 | INFO : Fishes file 311 not found. Skipping...
2024-11-27 17:44:43 | INFO : Fishes file 312 not found. Skipping...
2024-11-27 17:44:47 | INFO : Fishes file 313 not found. Skipping...
2024-11-27 17:44:52 | INFO : Fishes file 314 not found. Skipping...
2024-11-27 17:44:56 | INFO : Fishes file 315 not found. Skipping...
2024-11-27 17:45:01 | INFO : Fishes file 316 not found. Skipping...
2024-11-27 17:45:04 | INFO : Fishes file 317 not found. Skipping...
2024-11-27 17:45:08 | INFO : Fishes file 318 not found. Skipping...
2024-11-27 17:45:13 | INFO : Fishes file 319 not found. Skipping...
2024-11-27 17:45:15 | INFO : Fishes file 320 not found. Skipping...
2024-11-27 17:45:18 | INFO : Fishes file 321 not found. Skipping...
2024-11-27 17:45:22 | INFO : Fishes file 322 not found. Skipping...
2024-11-27 17:45:27 | INFO : Fishes file 323 not found. Skipping...
2024-11-27 17:45:33 | INFO : Fishes file 324 not found. Skipping...
2024-11-27 17:45:38 | INFO : Fishes file 326 not found. Skipping...
2024-11-27 17:45:42 | INFO : Fishes file 327 not found. Skipping...
2024-11-27 17:45:43 | INFO : Fishes file 328 not found. Skipping...
2024-11-27 17:45:45 | INFO : Fishes file 329 not found. Skipping...
2024-11-27 17:45:51 | INFO : Fishes file 330 not found. Skipping...
2024-11-27 17:45:55 | INFO : Fishes file 331 not found. Skipping...
2024-11-27 17:45:58 | INFO : Fishes file 332 not found. Skipping...
2024-11-27 17:46:01 | INFO : Fishes file 333 not found. Skipping...
2024-11-27 17:46:03 | INFO : Fishes file 334 not found. Skipping...
2024-11-27 17:46:11 | INFO : Fishes file 336 not found. Skipping...
2024-11-27 17:46:16 | INFO : Fishes file 337 not found. Skipping...
2024-11-27 17:46:20 | INFO : Fishes file 338 not found. Skipping...
2024-11-27 17:46:23 | INFO : Fishes file 339 not found. Skipping...
2024-11-27 17:46:27 | INFO : Fishes file 340 not found. Skipping...
2024-11-27 17:46:31 | INFO : Fishes file 341 not found. Skipping...
2024-11-27 17:46:33 | INFO : Fishes file 342 not found. Skipping...
2024-11-27 17:46:37 | INFO : Fishes file 343 not found. Skipping...
2024-11-27 17:46:42 | INFO : Fishes file 344 not found. Skipping...
2024-11-27 17:46:45 | INFO : Fishes file 345 not found. Skipping...
2024-11-27 17:46:49 | INFO : Fishes file 346 not found. Skipping...
2024-11-27 17:46:52 | INFO : Fishes file 347 not found. Skipping...
2024-11-27 17:46:56 | INFO : Fishes file 348 not found. Skipping...
2024-11-27 17:46:59 | INFO : Fishes file 349 not found. Skipping...
2024-11-27 17:47:04 | INFO : Fishes file 350 not found. Skipping...
2024-11-27 17:47:08 | INFO : Fishes file 351 not found. Skipping...
2024-11-27 17:47:13 | INFO : Fishes file 352 not found. Skipping...
2024-11-27 17:47:16 | INFO : Fishes file 353 not found. Skipping...
2024-11-27 17:47:23 | INFO : Fishes file 354 not found. Skipping...
2024-11-27 17:47:26 | INFO : Fishes file 355 not found. Skipping...
2024-11-27 17:47:30 | INFO : Fishes file 356 not found. Skipping...
2024-11-27 17:47:35 | INFO : Fishes file 357 not found. Skipping...
2024-11-27 17:47:39 | INFO : Fishes file 358 not found. Skipping...
2024-11-27 17:47:45 | INFO : Fishes file 359 not found. Skipping...
2024-11-27 17:47:50 | INFO : Fishes file 360 not found. Skipping...
2024-11-27 17:47:55 | INFO : Fishes file 361 not found. Skipping...
2024-11-27 17:47:58 | INFO : Fishes file 362 not found. Skipping...
2024-11-27 17:48:01 | INFO : Fishes file 363 not found. Skipping...
2024-11-27 17:48:07 | INFO : Fishes file 364 not found. Skipping...
2024-11-27 17:48:12 | INFO : Fishes file 365 not found. Skipping...
2024-11-27 17:48:17 | INFO : Fishes file 366 not found. Skipping...
2024-11-27 17:48:19 | INFO : Fishes file 367 not found. Skipping...
2024-11-27 17:48:33 | INFO : Fishes file 370 not found. Skipping...
2024-11-27 17:48:37 | INFO : Fishes file 371 not found. Skipping...
2024-11-27 17:48:41 | INFO : Fishes file 372 not found. Skipping...
2024-11-27 17:48:46 | INFO : Fishes file 373 not found. Skipping...
2024-11-27 17:48:48 | INFO : Fishes file 374 not found. Skipping...
2024-11-27 17:48:52 | INFO : Fishes file 375 not found. Skipping...
2024-11-27 17:48:55 | INFO : Fishes file 376 not found. Skipping...
2024-11-27 17:49:00 | INFO : Fishes file 377 not found. Skipping...
2024-11-27 17:49:02 | INFO : Fishes file 378 not found. Skipping...
2024-11-27 17:49:08 | INFO : Fishes file 379 not found. Skipping...
2024-11-27 17:49:10 | INFO : Fishes file 380 not found. Skipping...
2024-11-27 17:49:13 | INFO : Fishes file 381 not found. Skipping...
2024-11-27 17:49:18 | INFO : Fishes file 382 not found. Skipping...
2024-11-27 17:49:22 | INFO : Fishes file 383 not found. Skipping...
2024-11-27 17:49:25 | INFO : Fishes file 384 not found. Skipping...
2024-11-27 17:49:30 | INFO : Fishes file 385 not found. Skipping...
2024-11-27 17:49:32 | INFO : Fishes file 386 not found. Skipping...
2024-11-27 17:49:35 | INFO : Fishes file 387 not found. Skipping...
2024-11-27 17:49:40 | INFO : Fishes file 388 not found. Skipping...
2024-11-27 17:49:43 | INFO : Fishes file 389 not found. Skipping...
2024-11-27 17:49:48 | INFO : Fishes file 390 not found. Skipping...
2024-11-27 17:49:52 | INFO : Fishes file 391 not found. Skipping...
2024-11-27 17:49:57 | INFO : Fishes file 392 not found. Skipping...
2024-11-27 17:50:02 | INFO : Fishes file 393 not found. Skipping...
2024-11-27 17:50:05 | INFO : Fishes file 394 not found. Skipping...
2024-11-27 17:50:10 | INFO : Fishes file 395 not found. Skipping...
2024-11-27 17:50:15 | INFO : Fishes file 396 not found. Skipping...
2024-11-27 17:50:18 | INFO : Fishes file 397 not found. Skipping...
2024-11-27 17:50:24 | INFO : Fishes file 398 not found. Skipping...
2024-11-27 17:50:26 | INFO : Fishes file 399 not found. Skipping...
2024-11-27 17:50:32 | INFO : Fishes file 400 not found. Skipping...
2024-11-27 17:50:32 | INFO : Completed download of Fishes dataset
2024-11-27 17:50:32 | INFO : Starting download of Seaweeds dataset from number 359 to 400
2024-11-27 17:51:06 | INFO : Seaweeds file 367 not found. Skipping...
2024-11-27 17:51:12 | INFO : Seaweeds file 368 not found. Skipping...
2024-11-27 17:51:18 | INFO : Seaweeds file 369 not found. Skipping...
2024-11-27 17:51:22 | INFO : Seaweeds file 370 not found. Skipping...
2024-11-27 17:51:26 | INFO : Seaweeds file 371 not found. Skipping...
2024-11-27 17:51:28 | INFO : Seaweeds file 372 not found. Skipping...
2024-11-27 17:51:31 | INFO : Seaweeds file 373 not found. Skipping...
2024-11-27 17:51:34 | INFO : Seaweeds file 374 not found. Skipping...
2024-11-27 17:51:37 | INFO : Seaweeds file 375 not found. Skipping...
2024-11-27 17:51:41 | INFO : Seaweeds file 376 not found. Skipping...
2024-11-27 17:51:46 | INFO : Seaweeds file 377 not found. Skipping...
2024-11-27 17:51:49 | INFO : Seaweeds file 378 not found. Skipping...
2024-11-27 17:51:55 | INFO : Seaweeds file 379 not found. Skipping...
2024-11-27 17:51:57 | INFO : Seaweeds file 380 not found. Skipping...
2024-11-27 17:52:02 | INFO : Seaweeds file 381 not found. Skipping...
2024-11-27 17:52:07 | INFO : Seaweeds file 382 not found. Skipping...
2024-11-27 17:52:13 | INFO : Seaweeds file 383 not found. Skipping...
2024-11-27 17:52:17 | INFO : Seaweeds file 384 not found. Skipping...
2024-11-27 17:52:21 | INFO : Seaweeds file 385 not found. Skipping...
2024-11-27 17:52:26 | INFO : Seaweeds file 386 not found. Skipping...
2024-11-27 17:52:31 | INFO : Seaweeds file 387 not found. Skipping...
2024-11-27 17:52:35 | INFO : Seaweeds file 388 not found. Skipping...
2024-11-27 17:52:40 | INFO : Seaweeds file 389 not found. Skipping...
2024-11-27 17:52:45 | INFO : Seaweeds file 390 not found. Skipping...
2024-11-27 17:52:47 | INFO : Seaweeds file 391 not found. Skipping...
2024-11-27 17:52:50 | INFO : Seaweeds file 392 not found. Skipping...
2024-11-27 17:52:55 | INFO : Seaweeds file 393 not found. Skipping...
2024-11-27 17:52:58 | INFO : Seaweeds file 394 not found. Skipping...
2024-11-27 17:53:02 | INFO : Seaweeds file 395 not found. Skipping...
2024-11-27 17:53:08 | INFO : Seaweeds file 396 not found. Skipping...
2024-11-27 17:53:13 | INFO : Seaweeds file 397 not found. Skipping...
2024-11-27 17:53:17 | INFO : Seaweeds file 398 not found. Skipping...
2024-11-27 17:53:19 | INFO : Seaweeds file 399 not found. Skipping...
2024-11-27 17:53:25 | INFO : Seaweeds file 400 not found. Skipping...
2024-11-27 17:53:25 | INFO : Completed download of Seaweeds dataset
2024-11-27 17:53:41 | INFO : Json file saved to 'stations/transformed/json/station_data.json'
2024-11-27 17:53:42 | INFO : Fish data file saved to 'stations/transformed/csv/fish_data.csv'
2024-11-27 17:53:42 | INFO : Seawwed data file saved to 'stations/transformed/csv/seaweed_data.csv'
2024-11-27 17:53:42 | INFO : Seawater data file saved to 'stations/transformed/csv/seawater_data.csv'
2024-11-28 17:08:55 | INFO : Starting download of Seawater dataset from number 1 to 400
2024-11-28 17:11:48 | INFO : Seawater file 50 not found. Skipping...
2024-11-28 17:12:26 | INFO : Seawater file 62 not found. Skipping...
2024-11-28 17:12:30 | INFO : Seawater file 63 not found. Skipping...
2024-11-28 17:12:32 | INFO : Seawater file 64 not found. Skipping...
2024-11-28 17:12:34 | INFO : Seawater file 65 not found. Skipping...
2024-11-28 17:12:36 | INFO : Seawater file 66 not found. Skipping...
2024-11-28 17:12:42 | INFO : Seawater file 67 not found. Skipping...
2024-11-28 17:12:46 | INFO : Seawater file 68 not found. Skipping...
2024-11-28 17:12:51 | INFO : Seawater file 69 not found. Skipping...
2024-11-28 17:12:57 | INFO : Seawater file 70 not found. Skipping...
2024-11-28 17:12:59 | INFO : Seawater file 71 not found. Skipping...
2024-11-28 17:13:04 | INFO : Seawater file 72 not found. Skipping...
2024-11-28 17:13:07 | INFO : Seawater file 73 not found. Skipping...
2024-11-28 17:13:10 | INFO : Seawater file 74 not found. Skipping...
2024-11-28 17:13:15 | INFO : Seawater file 75 not found. Skipping...
2024-11-28 17:13:17 | INFO : Seawater file 76 not found. Skipping...
2024-11-28 17:13:19 | INFO : Seawater file 77 not found. Skipping...
2024-11-28 17:13:22 | INFO : Seawater file 78 not found. Skipping...
2024-11-28 17:13:26 | INFO : Seawater file 79 not found. Skipping...
2024-11-28 17:13:31 | INFO : Seawater file 80 not found. Skipping...
2024-11-28 17:13:36 | INFO : Seawater file 81 not found. Skipping...
2024-11-28 17:13:40 | INFO : Seawater file 82 not found. Skipping...
2024-11-28 17:13:42 | INFO : Seawater file 83 not found. Skipping...
2024-11-28 17:13:44 | INFO : Seawater file 84 not found. Skipping...
2024-11-28 17:13:48 | INFO : Seawater file 85 not found. Skipping...
2024-11-28 17:13:51 | INFO : Seawater file 86 not found. Skipping...
2024-11-28 17:13:52 | INFO : Seawater file 87 not found. Skipping...
2024-11-28 17:13:54 | INFO : Seawater file 88 not found. Skipping...
2024-11-28 17:13:57 | INFO : Seawater file 89 not found. Skipping...
2024-11-28 17:14:02 | INFO : Seawater file 90 not found. Skipping...
2024-11-28 17:14:04 | INFO : Seawater file 91 not found. Skipping...
2024-11-28 17:14:08 | INFO : Seawater file 92 not found. Skipping...
2024-11-28 17:14:12 | INFO : Seawater file 93 not found. Skipping...
2024-11-28 17:14:14 | INFO : Seawater file 94 not found. Skipping...
2024-11-28 17:14:16 | INFO : Seawater file 95 not found. Skipping...
2024-11-28 17:14:20 | INFO : Seawater file 96 not found. Skipping...
2024-11-28 17:14:24 | INFO : Seawater file 97 not found. Skipping...
2024-11-28 17:14:28 | INFO : Seawater file 98 not found. Skipping...
2024-11-28 17:14:31 | INFO : Seawater file 99 not found. Skipping...
2024-11-28 17:14:34 | INFO : Seawater file 100 not found. Skipping...
2024-11-28 17:14:36 | INFO : Seawater file 101 not found. Skipping...
2024-11-28 17:14:40 | INFO : Seawater file 102 not found. Skipping...
2024-11-28 17:14:42 | INFO : Seawater file 103 not found. Skipping...
2024-11-28 17:14:47 | INFO : Seawater file 104 not found. Skipping...
2024-11-28 17:14:48 | INFO : Seawater file 105 not found. Skipping...
2024-11-28 17:14:53 | INFO : Seawater file 106 not found. Skipping...
2024-11-28 17:14:58 | INFO : Seawater file 107 not found. Skipping...
2024-11-28 17:15:04 | INFO : Seawater file 108 not found. Skipping...
2024-11-28 17:15:09 | INFO : Seawater file 109 not found. Skipping...
2024-11-28 17:15:12 | INFO : Seawater file 110 not found. Skipping...
2024-11-28 17:15:15 | INFO : Seawater file 111 not found. Skipping...
2024-11-28 17:15:20 | INFO : Seawater file 112 not found. Skipping...
2024-11-28 17:15:22 | INFO : Seawater file 113 not found. Skipping...
2024-11-28 17:15:24 | INFO : Seawater file 114 not found. Skipping...
2024-11-28 17:15:27 | INFO : Seawater file 115 not found. Skipping...
2024-11-28 17:15:29 | INFO : Seawater file 116 not found. Skipping...
2024-11-28 17:15:34 | INFO : Seawater file 117 not found. Skipping...
2024-11-28 17:15:37 | INFO : Seawater file 118 not found. Skipping...
2024-11-28 17:15:39 | INFO : Seawater file 119 not found. Skipping...
2024-11-28 17:15:41 | INFO : Seawater file 120 not found. Skipping...
2024-11-28 17:15:46 | INFO : Seawater file 121 not found. Skipping...
2024-11-28 17:15:48 | INFO : Seawater file 122 not found. Skipping...
2024-11-28 17:15:50 | INFO : Seawater file 123 not found. Skipping...
2024-11-28 17:15:53 | INFO : Seawater file 124 not found. Skipping...
2024-11-28 17:15:57 | INFO : Seawater file 125 not found. Skipping...
2024-11-28 17:16:01 | INFO : Seawater file 126 not found. Skipping...
2024-11-28 17:16:06 | INFO : Seawater file 127 not found. Skipping...
2024-11-28 17:16:10 | INFO : Seawater file 128 not found. Skipping...
2024-11-28 17:16:14 | INFO : Seawater file 129 not found. Skipping...
2024-11-28 17:16:19 | INFO : Seawater file 130 not found. Skipping...
2024-11-28 17:16:23 | INFO : Seawater file 131 not found. Skipping...
2024-11-28 17:16:27 | INFO : Seawater file 132 not found. Skipping...
2024-11-28 17:16:29 | INFO : Seawater file 133 not found. Skipping...
2024-11-28 17:16:32 | INFO : Seawater file 134 not found. Skipping...
2024-11-28 17:16:35 | INFO : Seawater file 135 not found. Skipping...
2024-11-28 17:16:38 | INFO : Seawater file 136 not found. Skipping...
2024-11-28 17:16:41 | INFO : Seawater file 137 not found. Skipping...
2024-11-28 17:16:46 | INFO : Seawater file 138 not found. Skipping...
2024-11-28 17:16:48 | INFO : Seawater file 139 not found. Skipping...
2024-11-28 17:16:52 | INFO : Seawater file 140 not found. Skipping...
2024-11-28 17:16:56 | INFO : Seawater file 141 not found. Skipping...
2024-11-28 17:16:58 | INFO : Seawater file 142 not found. Skipping...
2024-11-28 17:17:02 | INFO : Seawater file 143 not found. Skipping...
2024-11-28 17:17:06 | INFO : Seawater file 144 not found. Skipping...
2024-11-28 17:17:09 | INFO : Seawater file 145 not found. Skipping...
2024-11-28 17:17:14 | INFO : Seawater file 146 not found. Skipping...
2024-11-28 17:17:15 | INFO : Seawater file 147 not found. Skipping...
2024-11-28 17:17:20 | INFO : Seawater file 148 not found. Skipping...
2024-11-28 17:17:23 | INFO : Seawater file 149 not found. Skipping...
2024-11-28 17:17:27 | INFO : Seawater file 150 not found. Skipping...
2024-11-28 17:17:29 | INFO : Seawater file 151 not found. Skipping...
2024-11-28 17:17:32 | INFO : Seawater file 152 not found. Skipping...
2024-11-28 17:17:37 | INFO : Seawater file 153 not found. Skipping...
2024-11-28 17:17:40 | INFO : Seawater file 154 not found. Skipping...
2024-11-28 17:17:43 | INFO : Seawater file 155 not found. Skipping...
2024-11-28 17:17:47 | INFO : Seawater file 156 not found. Skipping...
2024-11-28 17:17:49 | INFO : Seawater file 157 not found. Skipping...
2024-11-28 17:17:52 | INFO : Seawater file 158 not found. Skipping...
2024-11-28 17:17:55 | INFO : Seawater file 159 not found. Skipping...
2024-11-28 17:17:59 | INFO : Seawater file 160 not found. Skipping...
2024-11-28 17:18:04 | INFO : Seawater file 161 not found. Skipping...
2024-11-28 17:18:08 | INFO : Seawater file 162 not found. Skipping...
2024-11-28 17:18:13 | INFO : Seawater file 163 not found. Skipping...
2024-11-28 17:18:17 | INFO : Seawater file 164 not found. Skipping...
2024-11-28 17:18:22 | INFO : Seawater file 165 not found. Skipping...
2024-11-28 17:18:24 | INFO : Seawater file 166 not found. Skipping...
2024-11-28 17:18:27 | INFO : Seawater file 167 not found. Skipping...
2024-11-28 17:18:30 | INFO : Seawater file 168 not found. Skipping...
2024-11-28 17:18:32 | INFO : Seawater file 169 not found. Skipping...
2024-11-28 17:18:36 | INFO : Seawater file 170 not found. Skipping...
2024-11-28 17:18:38 | INFO : Seawater file 171 not found. Skipping...
2024-11-28 17:18:43 | INFO : Seawater file 172 not found. Skipping...
2024-11-28 17:18:44 | INFO : Seawater file 173 not found. Skipping...
2024-11-28 17:18:47 | INFO : Seawater file 174 not found. Skipping...
2024-11-28 17:18:51 | INFO : Seawater file 175 not found. Skipping...
2024-11-28 17:18:54 | INFO : Seawater file 176 not found. Skipping...
2024-11-28 17:18:57 | INFO : Seawater file 177 not found. Skipping...
2024-11-28 17:19:26 | INFO : Seawater file 186 not found. Skipping...
2024-11-28 17:19:31 | INFO : Seawater file 187 not found. Skipping...
2024-11-28 17:19:35 | INFO : Seawater file 188 not found. Skipping...
2024-11-28 17:19:39 | INFO : Seawater file 189 not found. Skipping...
2024-11-28 17:19:41 | INFO : Seawater file 190 not found. Skipping...
2024-11-28 17:19:43 | INFO : Seawater file 191 not found. Skipping...
2024-11-28 17:20:40 | INFO : Seawater file 207 not found. Skipping...
2024-11-28 17:20:45 | INFO : Seawater file 208 not found. Skipping...
2024-11-28 17:21:41 | INFO : Seawater file 227 not found. Skipping...
2024-11-28 17:23:19 | INFO : Seawater file 254 not found. Skipping...
2024-11-28 17:23:24 | INFO : Seawater file 255 not found. Skipping...
2024-11-28 17:23:29 | INFO : Seawater file 256 not found. Skipping...
2024-11-28 17:23:31 | INFO : Seawater file 257 not found. Skipping...
2024-11-28 17:23:34 | INFO : Seawater file 258 not found. Skipping...
2024-11-28 17:23:38 | INFO : Seawater file 259 not found. Skipping...
2024-11-28 17:23:40 | INFO : Seawater file 260 not found. Skipping...
2024-11-28 17:23:44 | INFO : Seawater file 261 not found. Skipping...
2024-11-28 17:23:45 | INFO : Seawater file 262 not found. Skipping...
2024-11-28 17:23:49 | INFO : Seawater file 263 not found. Skipping...
2024-11-28 17:23:53 | INFO : Seawater file 264 not found. Skipping...
2024-11-28 17:23:58 | INFO : Seawater file 265 not found. Skipping...
2024-11-28 17:24:03 | INFO : Seawater file 266 not found. Skipping...
2024-11-28 17:24:07 | INFO : Seawater file 267 not found. Skipping...
2024-11-28 17:24:11 | INFO : Seawater file 268 not found. Skipping...
2024-11-28 17:24:16 | INFO : Seawater file 269 not found. Skipping...
2024-11-28 17:24:20 | INFO : Seawater file 270 not found. Skipping...
2024-11-28 17:24:22 | INFO : Seawater file 271 not found. Skipping...
2024-11-28 17:24:26 | INFO : Seawater file 272 not found. Skipping...
2024-11-28 17:24:28 | INFO : Seawater file 273 not found. Skipping...
2024-11-28 17:24:29 | INFO : Seawater file 274 not found. Skipping...
2024-11-28 17:24:34 | INFO : Seawater file 275 not found. Skipping...
2024-11-28 17:24:38 | INFO : Seawater file 276 not found. Skipping...
2024-11-28 17:24:42 | INFO : Seawater file 277 not found. Skipping...
2024-11-28 17:24:47 | INFO : Seawater file 278 not found. Skipping...
2024-11-28 17:24:49 | INFO : Seawater file 279 not found. Skipping...
2024-11-28 17:24:54 | INFO : Seawater file 280 not found. Skipping...
2024-11-28 17:24:56 | INFO : Seawater file 281 not found. Skipping...
2024-11-28 17:24:58 | INFO : Seawater file 282 not found. Skipping...
2024-11-28 17:25:04 | INFO : Seawater file 283 not found. Skipping...
2024-11-28 17:25:09 | INFO : Seawater file 284 not found. Skipping...
2024-11-28 17:25:13 | INFO : Seawater file 285 not found. Skipping...
2024-11-28 17:25:33 | INFO : Seawater file 290 not found. Skipping...
2024-11-28 17:25:36 | INFO : Seawater file 291 not found. Skipping...
2024-11-28 17:25:40 | INFO : Seawater file 292 not found. Skipping...
2024-11-28 17:25:42 | INFO : Seawater file 293 not found. Skipping...
2024-11-28 17:25:48 | INFO : Seawater file 294 not found. Skipping...
2024-11-28 17:25:51 | INFO : Seawater file 295 not found. Skipping...
2024-11-28 17:25:55 | INFO : Seawater file 296 not found. Skipping...
2024-11-28 17:25:57 | INFO : Seawater file 297 not found. Skipping...
2024-11-28 17:25:59 | INFO : Seawater file 298 not found. Skipping...
2024-11-28 17:26:02 | INFO : Seawater file 299 not found. Skipping...
2024-11-28 17:26:06 | INFO : Seawater file 300 not found. Skipping...
2024-11-28 17:26:08 | INFO : Seawater file 301 not found. Skipping...
2024-11-28 17:26:11 | INFO : Seawater file 302 not found. Skipping...
2024-11-28 17:26:16 | INFO : Seawater file 303 not found. Skipping...
2024-11-28 17:26:21 | INFO : Seawater file 304 not found. Skipping...
2024-11-28 17:26:23 | INFO : Seawater file 305 not found. Skipping...
2024-11-28 17:26:26 | INFO : Seawater file 306 not found. Skipping...
2024-11-28 17:26:31 | INFO : Seawater file 307 not found. Skipping...
2024-11-28 17:26:35 | INFO : Seawater file 308 not found. Skipping...
2024-11-28 17:26:41 | INFO : Seawater file 309 not found. Skipping...
2024-11-28 17:26:44 | INFO : Seawater file 310 not found. Skipping...
2024-11-28 17:26:47 | INFO : Seawater file 311 not found. Skipping...
2024-11-28 17:26:49 | INFO : Seawater file 312 not found. Skipping...
2024-11-28 17:26:53 | INFO : Seawater file 313 not found. Skipping...
2024-11-28 17:26:55 | INFO : Seawater file 314 not found. Skipping...
2024-11-28 17:26:56 | INFO : Seawater file 315 not found. Skipping...
2024-11-28 17:27:01 | INFO : Seawater file 316 not found. Skipping...
2024-11-28 17:27:06 | INFO : Seawater file 317 not found. Skipping...
2024-11-28 17:27:10 | INFO : Seawater file 318 not found. Skipping...
2024-11-28 17:27:13 | INFO : Seawater file 319 not found. Skipping...
2024-11-28 17:27:16 | INFO : Seawater file 320 not found. Skipping...
2024-11-28 17:27:18 | INFO : Seawater file 321 not found. Skipping...
2024-11-28 17:27:23 | INFO : Seawater file 322 not found. Skipping...
2024-11-28 17:27:28 | INFO : Seawater file 323 not found. Skipping...
2024-11-28 17:27:32 | INFO : Seawater file 324 not found. Skipping...
2024-11-28 17:27:37 | INFO : Seawater file 325 not found. Skipping...
2024-11-28 17:27:40 | INFO : Seawater file 326 not found. Skipping...
2024-11-28 17:27:42 | INFO : Seawater file 327 not found. Skipping...
2024-11-28 17:27:44 | INFO : Seawater file 328 not found. Skipping...
2024-11-28 17:27:49 | INFO : Seawater file 329 not found. Skipping...
2024-11-28 17:27:51 | INFO : Seawater file 330 not found. Skipping...
2024-11-28 17:27:54 | INFO : Seawater file 331 not found. Skipping...
2024-11-28 17:27:57 | INFO : Seawater file 332 not found. Skipping...
2024-11-28 17:28:00 | INFO : Seawater file 333 not found. Skipping...
2024-11-28 17:28:05 | INFO : Seawater file 334 not found. Skipping...
2024-11-28 17:28:07 | INFO : Seawater file 335 not found. Skipping...
2024-11-28 17:29:27 | INFO : Seawater file 359 not found. Skipping...
2024-11-28 17:29:29 | INFO : Seawater file 360 not found. Skipping...
2024-11-28 17:29:35 | INFO : Seawater file 361 not found. Skipping...
2024-11-28 17:29:36 | INFO : Seawater file 362 not found. Skipping...
2024-11-28 17:29:41 | INFO : Seawater file 363 not found. Skipping...
2024-11-28 17:29:46 | INFO : Seawater file 364 not found. Skipping...
2024-11-28 17:29:51 | INFO : Seawater file 365 not found. Skipping...
2024-11-28 17:29:53 | INFO : Seawater file 366 not found. Skipping...
2024-11-28 17:29:57 | INFO : Seawater file 367 not found. Skipping...
2024-11-28 17:29:59 | INFO : Seawater file 368 not found. Skipping...
2024-11-28 17:30:03 | INFO : Seawater file 369 not found. Skipping...
2024-11-28 17:30:06 | INFO : Seawater file 370 not found. Skipping...
2024-11-28 17:30:09 | INFO : Seawater file 371 not found. Skipping...
2024-11-28 17:30:12 | INFO : Seawater file 372 not found. Skipping...
2024-11-28 17:30:16 | INFO : Seawater file 373 not found. Skipping...
2024-11-28 17:30:21 | INFO : Seawater file 374 not found. Skipping...
2024-11-28 17:30:25 | INFO : Seawater file 375 not found. Skipping...
2024-11-28 17:30:30 | INFO : Seawater file 376 not found. Skipping...
2024-11-28 17:30:36 | INFO : Seawater file 377 not found. Skipping...
2024-11-28 17:30:38 | INFO : Seawater file 378 not found. Skipping...
2024-11-28 17:30:41 | INFO : Seawater file 379 not found. Skipping...
2024-11-28 17:30:44 | INFO : Seawater file 380 not found. Skipping...
2024-11-28 17:30:46 | INFO : Seawater file 381 not found. Skipping...
2024-11-28 17:30:51 | INFO : Seawater file 382 not found. Skipping...
2024-11-28 17:30:55 | INFO : Seawater file 383 not found. Skipping...
2024-11-28 17:31:00 | INFO : Seawater file 384 not found. Skipping...
2024-11-28 17:31:04 | INFO : Seawater file 385 not found. Skipping...
2024-11-28 17:31:06 | INFO : Seawater file 386 not found. Skipping...
2024-11-28 17:31:08 | INFO : Seawater file 387 not found. Skipping...
2024-11-28 17:31:09 | INFO : Seawater file 388 not found. Skipping...
2024-11-28 17:31:12 | INFO : Seawater file 389 not found. Skipping...
2024-11-28 17:31:15 | INFO : Seawater file 390 not found. Skipping...
2024-11-28 17:31:18 | INFO : Seawater file 391 not found. Skipping...
2024-11-28 17:31:22 | INFO : Seawater file 392 not found. Skipping...
2024-11-28 17:31:25 | INFO : Seawater file 393 not found. Skipping...
2024-11-28 17:31:29 | INFO : Seawater file 394 not found. Skipping...
2024-11-28 17:31:33 | INFO : Seawater file 395 not found. Skipping...
2024-11-28 17:31:35 | INFO : Seawater file 396 not found. Skipping...
2024-11-28 17:31:40 | INFO : Seawater file 397 not found. Skipping...
2024-11-28 17:31:43 | INFO : Seawater file 398 not found. Skipping...
2024-11-28 17:31:48 | INFO : Seawater file 399 not found. Skipping...
2024-11-28 17:31:53 | INFO : Seawater file 400 not found. Skipping...
2024-11-28 17:31:53 | INFO : Completed download of Seawater dataset
2024-11-28 17:31:53 | INFO : Starting download of Fishes dataset from number 256 to 400
2024-11-28 17:32:17 | INFO : Fishes file 263 not found. Skipping...
2024-11-28 17:32:20 | INFO : Fishes file 264 not found. Skipping...
2024-11-28 17:33:41 | INFO : Fishes file 286 not found. Skipping...
2024-11-28 17:33:43 | INFO : Fishes file 287 not found. Skipping...
2024-11-28 17:33:45 | INFO : Fishes file 288 not found. Skipping...
2024-11-28 17:33:48 | INFO : Fishes file 289 not found. Skipping...
2024-11-28 17:33:53 | INFO : Fishes file 290 not found. Skipping...
2024-11-28 17:33:56 | INFO : Fishes file 291 not found. Skipping...
2024-11-28 17:33:59 | INFO : Fishes file 292 not found. Skipping...
2024-11-28 17:34:45 | INFO : Fishes file 304 not found. Skipping...
2024-11-28 17:34:47 | INFO : Fishes file 305 not found. Skipping...
2024-11-28 17:34:51 | INFO : Fishes file 306 not found. Skipping...
2024-11-28 17:34:57 | INFO : Fishes file 307 not found. Skipping...
2024-11-28 17:34:59 | INFO : Fishes file 308 not found. Skipping...
2024-11-28 17:35:04 | INFO : Fishes file 309 not found. Skipping...
2024-11-28 17:35:08 | INFO : Fishes file 310 not found. Skipping...
2024-11-28 17:35:10 | INFO : Fishes file 311 not found. Skipping...
2024-11-28 17:35:12 | INFO : Fishes file 312 not found. Skipping...
2024-11-28 17:35:14 | INFO : Fishes file 313 not found. Skipping...
2024-11-28 17:35:16 | INFO : Fishes file 314 not found. Skipping...
2024-11-28 17:35:20 | INFO : Fishes file 315 not found. Skipping...
2024-11-28 17:35:24 | INFO : Fishes file 316 not found. Skipping...
2024-11-28 17:35:29 | INFO : Fishes file 317 not found. Skipping...
2024-11-28 17:35:32 | INFO : Fishes file 318 not found. Skipping...
2024-11-28 17:35:35 | INFO : Fishes file 319 not found. Skipping...
2024-11-28 17:35:39 | INFO : Fishes file 320 not found. Skipping...
2024-11-28 17:35:42 | INFO : Fishes file 321 not found. Skipping...
2024-11-28 17:35:44 | INFO : Fishes file 322 not found. Skipping...
2024-11-28 17:35:48 | INFO : Fishes file 323 not found. Skipping...
2024-11-28 17:35:51 | INFO : Fishes file 324 not found. Skipping...
2024-11-28 17:35:57 | INFO : Fishes file 326 not found. Skipping...
2024-11-28 17:36:00 | INFO : Fishes file 327 not found. Skipping...
2024-11-28 17:36:05 | INFO : Fishes file 328 not found. Skipping...
2024-11-28 17:36:10 | INFO : Fishes file 329 not found. Skipping...
2024-11-28 17:36:12 | INFO : Fishes file 330 not found. Skipping...
2024-11-28 17:36:17 | INFO : Fishes file 331 not found. Skipping...
2024-11-28 17:36:20 | INFO : Fishes file 332 not found. Skipping...
2024-11-28 17:36:22 | INFO : Fishes file 333 not found. Skipping...
2024-11-28 17:36:25 | INFO : Fishes file 334 not found. Skipping...
2024-11-28 17:36:33 | INFO : Fishes file 336 not found. Skipping...
2024-11-28 17:36:37 | INFO : Fishes file 337 not found. Skipping...
2024-11-28 17:36:40 | INFO : Fishes file 338 not found. Skipping...
2024-11-28 17:36:42 | INFO : Fishes file 339 not found. Skipping...
2024-11-28 17:36:47 | INFO : Fishes file 340 not found. Skipping...
2024-11-28 17:36:53 | INFO : Fishes file 341 not found. Skipping...
2024-11-28 17:36:55 | INFO : Fishes file 342 not found. Skipping...
2024-11-28 17:36:59 | INFO : Fishes file 343 not found. Skipping...
2024-11-28 17:37:03 | INFO : Fishes file 344 not found. Skipping...
2024-11-28 17:37:05 | INFO : Fishes file 345 not found. Skipping...
2024-11-28 17:37:08 | INFO : Fishes file 346 not found. Skipping...
2024-11-28 17:37:09 | INFO : Fishes file 347 not found. Skipping...
2024-11-28 17:37:11 | INFO : Fishes file 348 not found. Skipping...
2024-11-28 17:37:14 | INFO : Fishes file 349 not found. Skipping...
2024-11-28 17:37:17 | INFO : Fishes file 350 not found. Skipping...
2024-11-28 17:37:22 | INFO : Fishes file 351 not found. Skipping...
2024-11-28 17:37:28 | INFO : Fishes file 352 not found. Skipping...
2024-11-28 17:37:31 | INFO : Fishes file 353 not found. Skipping...
2024-11-28 17:37:34 | INFO : Fishes file 354 not found. Skipping...
2024-11-28 17:37:36 | INFO : Fishes file 355 not found. Skipping...
2024-11-28 17:37:39 | INFO : Fishes file 356 not found. Skipping...
2024-11-28 17:37:42 | INFO : Fishes file 357 not found. Skipping...
2024-11-28 17:37:44 | INFO : Fishes file 358 not found. Skipping...
2024-11-28 17:37:46 | INFO : Fishes file 359 not found. Skipping...
2024-11-28 17:37:52 | INFO : Fishes file 360 not found. Skipping...
2024-11-28 17:37:56 | INFO : Fishes file 361 not found. Skipping...
2024-11-28 17:38:02 | INFO : Fishes file 362 not found. Skipping...
2024-11-28 17:38:04 | INFO : Fishes file 363 not found. Skipping...
2024-11-28 17:38:08 | INFO : Fishes file 364 not found. Skipping...
2024-11-28 17:38:11 | INFO : Fishes file 365 not found. Skipping...
2024-11-28 17:38:13 | INFO : Fishes file 366 not found. Skipping...
2024-11-28 17:38:15 | INFO : Fishes file 367 not found. Skipping...
2024-11-28 17:38:27 | INFO : Fishes file 370 not found. Skipping...
2024-11-28 17:38:31 | INFO : Fishes file 371 not found. Skipping...
2024-11-28 17:38:35 | INFO : Fishes file 372 not found. Skipping...
2024-11-28 17:38:40 | INFO : Fishes file 373 not found. Skipping...
2024-11-28 17:38:43 | INFO : Fishes file 374 not found. Skipping...
2024-11-28 17:38:48 | INFO : Fishes file 375 not found. Skipping...
2024-11-28 17:38:52 | INFO : Fishes file 376 not found. Skipping...
2024-11-28 17:38:55 | INFO : Fishes file 377 not found. Skipping...
2024-11-28 17:38:59 | INFO : Fishes file 378 not found. Skipping...
2024-11-28 17:39:02 | INFO : Fishes file 379 not found. Skipping...
2024-11-28 17:39:04 | INFO : Fishes file 380 not found. Skipping...
2024-11-28 17:39:07 | INFO : Fishes file 381 not found. Skipping...
2024-11-28 17:39:08 | INFO : Fishes file 382 not found. Skipping...
2024-11-28 17:39:12 | INFO : Fishes file 383 not found. Skipping...
2024-11-28 17:39:17 | INFO : Fishes file 384 not found. Skipping...
2024-11-28 17:39:19 | INFO : Fishes file 385 not found. Skipping...
2024-11-28 17:39:24 | INFO : Fishes file 386 not found. Skipping...
2024-11-28 17:39:26 | INFO : Fishes file 387 not found. Skipping...
2024-11-28 17:39:32 | INFO : Fishes file 388 not found. Skipping...
2024-11-28 17:39:36 | INFO : Fishes file 389 not found. Skipping...
2024-11-28 17:39:38 | INFO : Fishes file 390 not found. Skipping...
2024-11-28 17:39:42 | INFO : Fishes file 391 not found. Skipping...
2024-11-28 17:39:44 | INFO : Fishes file 392 not found. Skipping...
2024-11-28 17:39:47 | INFO : Fishes file 393 not found. Skipping...
2024-11-28 17:39:51 | INFO : Fishes file 394 not found. Skipping...
2024-11-28 17:39:56 | INFO : Fishes file 395 not found. Skipping...
2024-11-28 17:39:58 | INFO : Fishes file 396 not found. Skipping...
2024-11-28 17:40:00 | INFO : Fishes file 397 not found. Skipping...
2024-11-28 17:40:05 | INFO : Fishes file 398 not found. Skipping...
2024-11-28 17:40:10 | INFO : Fishes file 399 not found. Skipping...
2024-11-28 17:40:14 | INFO : Fishes file 400 not found. Skipping...
2024-11-28 17:40:14 | INFO : Completed download of Fishes dataset
2024-11-28 17:40:14 | INFO : Starting download of Seaweeds dataset from number 359 to 400
2024-11-28 17:40:47 | INFO : Seaweeds file 367 not found. Skipping...
2024-11-28 17:40:50 | INFO : Seaweeds file 368 not found. Skipping...
2024-11-28 17:40:53 | INFO : Seaweeds file 369 not found. Skipping...
2024-11-28 17:40:56 | INFO : Seaweeds file 370 not found. Skipping...
2024-11-28 17:41:00 | INFO : Seaweeds file 371 not found. Skipping...
2024-11-28 17:41:05 | INFO : Seaweeds file 372 not found. Skipping...
2024-11-28 17:41:07 | INFO : Seaweeds file 373 not found. Skipping...
2024-11-28 17:41:10 | INFO : Seaweeds file 374 not found. Skipping...
2024-11-28 17:41:13 | INFO : Seaweeds file 375 not found. Skipping...
2024-11-28 17:41:15 | INFO : Seaweeds file 376 not found. Skipping...
2024-11-28 17:41:19 | INFO : Seaweeds file 377 not found. Skipping...
2024-11-28 17:41:23 | INFO : Seaweeds file 378 not found. Skipping...
2024-11-28 17:41:25 | INFO : Seaweeds file 379 not found. Skipping...
2024-11-28 17:41:30 | INFO : Seaweeds file 380 not found. Skipping...
2024-11-28 17:41:33 | INFO : Seaweeds file 381 not found. Skipping...
2024-11-28 17:41:36 | INFO : Seaweeds file 382 not found. Skipping...
2024-11-28 17:41:41 | INFO : Seaweeds file 383 not found. Skipping...
2024-11-28 17:41:46 | INFO : Seaweeds file 384 not found. Skipping...
2024-11-28 17:41:50 | INFO : Seaweeds file 385 not found. Skipping...
2024-11-28 17:41:55 | INFO : Seaweeds file 386 not found. Skipping...
2024-11-28 17:42:00 | INFO : Seaweeds file 387 not found. Skipping...
2024-11-28 17:42:05 | INFO : Seaweeds file 388 not found. Skipping...
2024-11-28 17:42:10 | INFO : Seaweeds file 389 not found. Skipping...
2024-11-28 17:42:12 | INFO : Seaweeds file 390 not found. Skipping...
2024-11-28 17:42:17 | INFO : Seaweeds file 391 not found. Skipping...
2024-11-28 17:42:21 | INFO : Seaweeds file 392 not found. Skipping...
2024-11-28 17:42:24 | INFO : Seaweeds file 393 not found. Skipping...
2024-11-28 17:42:27 | INFO : Seaweeds file 394 not found. Skipping...
2024-11-28 17:42:29 | INFO : Seaweeds file 395 not found. Skipping...
2024-11-28 17:42:34 | INFO : Seaweeds file 396 not found. Skipping...
2024-11-28 17:42:38 | INFO : Seaweeds file 397 not found. Skipping...
2024-11-28 17:42:41 | INFO : Seaweeds file 398 not found. Skipping...
2024-11-28 17:42:47 | INFO : Seaweeds file 399 not found. Skipping...
2024-11-28 17:42:51 | INFO : Seaweeds file 400 not found. Skipping...
2024-11-28 17:42:51 | INFO : Completed download of Seaweeds dataset
2024-11-28 17:43:07 | INFO : Full data json file saved to 'stations/transformed/json/station_data.json'
2024-11-28 17:43:08 | INFO : Fish data file saved to 'stations/transformed/csv/fish_data.csv'
2024-11-28 17:43:08 | INFO : Seawwed data file saved to 'stations/transformed/csv/seaweed_data.csv'
2024-11-28 17:43:08 | INFO : Seawater data file saved to 'stations/transformed/csv/seawater_data.csv'
